0 info it worked if it ends with ok
1 verbose cli [ '/usr/bin/node', '/usr/bin/npm', 'install', 'bower', '-g' ]
2 info using npm@1.4.28
3 info using node@v0.10.37
4 verbose node symlink /usr/bin/node
5 verbose cache add [ 'bower', null ]
6 verbose cache add name=undefined spec="bower" args=["bower",null]
7 verbose parsed url { protocol: null,
7 verbose parsed url   slashes: null,
7 verbose parsed url   auth: null,
7 verbose parsed url   host: null,
7 verbose parsed url   port: null,
7 verbose parsed url   hostname: null,
7 verbose parsed url   hash: null,
7 verbose parsed url   search: null,
7 verbose parsed url   query: null,
7 verbose parsed url   pathname: 'bower',
7 verbose parsed url   path: 'bower',
7 verbose parsed url   href: 'bower' }
8 silly lockFile 206e3ce5-bower bower
9 verbose lock bower /home/dev/.npm/206e3ce5-bower.lock
10 silly lockFile 206e3ce5-bower bower
11 silly lockFile 206e3ce5-bower bower
12 verbose addNamed [ 'bower', '' ]
13 verbose addNamed [ null, '*' ]
14 silly lockFile 1240aab1-bower bower@
15 verbose lock bower@ /home/dev/.npm/1240aab1-bower.lock
16 silly addNameRange { name: 'bower', range: '*', hasData: false }
17 verbose request where is /bower
18 verbose request registry https://registry.npmjs.org/
19 verbose request id 5e5b114eaf0f20e7
20 verbose url raw /bower
21 verbose url resolving [ 'https://registry.npmjs.org/', './bower' ]
22 verbose url resolved https://registry.npmjs.org/bower
23 verbose request where is https://registry.npmjs.org/bower
24 info trying registry request attempt 1 at 20:51:06
25 http GET https://registry.npmjs.org/bower
26 http 200 https://registry.npmjs.org/bower
27 silly registry.get cb [ 200,
27 silly registry.get   { server: 'CouchDB/1.5.0 (Erlang OTP/R16B03)',
27 silly registry.get     etag: '"AMI3A42M8VLCIO3RRWHYZS7ID"',
27 silly registry.get     'content-type': 'application/json',
27 silly registry.get     'cache-control': 'max-age=300',
27 silly registry.get     'content-length': '168598',
27 silly registry.get     'accept-ranges': 'bytes',
27 silly registry.get     date: 'Fri, 22 Jan 2016 19:51:12 GMT',
27 silly registry.get     via: '1.1 varnish',
27 silly registry.get     age: '0',
27 silly registry.get     connection: 'keep-alive',
27 silly registry.get     'x-served-by': 'cache-hkg6822-HKG',
27 silly registry.get     'x-cache': 'HIT',
27 silly registry.get     'x-cache-hits': '1',
27 silly registry.get     'x-timer': 'S1453492272.216919,VS0,VE772',
27 silly registry.get     vary: 'Accept' } ]
28 silly addNameRange number 2 { name: 'bower', range: '*', hasData: true }
29 silly addNameRange versions [ 'bower',
29 silly addNameRange   [ '0.1.0',
29 silly addNameRange     '0.1.2',
29 silly addNameRange     '0.1.3',
29 silly addNameRange     '0.2.0',
29 silly addNameRange     '0.3.0',
29 silly addNameRange     '0.3.1',
29 silly addNameRange     '0.3.2',
29 silly addNameRange     '0.4.0',
29 silly addNameRange     '0.5.0',
29 silly addNameRange     '0.5.1',
29 silly addNameRange     '0.6.0',
29 silly addNameRange     '0.6.1',
29 silly addNameRange     '0.6.2',
29 silly addNameRange     '0.6.3',
29 silly addNameRange     '0.6.4',
29 silly addNameRange     '0.6.5',
29 silly addNameRange     '0.6.6',
29 silly addNameRange     '0.6.7',
29 silly addNameRange     '0.6.8',
29 silly addNameRange     '0.7.0',
29 silly addNameRange     '0.7.1',
29 silly addNameRange     '0.8.0',
29 silly addNameRange     '0.8.1',
29 silly addNameRange     '0.8.2',
29 silly addNameRange     '0.8.3',
29 silly addNameRange     '0.8.4',
29 silly addNameRange     '0.8.5',
29 silly addNameRange     '0.8.6',
29 silly addNameRange     '0.9.0',
29 silly addNameRange     '0.9.1',
29 silly addNameRange     '0.9.2',
29 silly addNameRange     '0.10.0',
29 silly addNameRange     '1.0.0',
29 silly addNameRange     '1.0.1',
29 silly addNameRange     '1.0.2',
29 silly addNameRange     '1.0.3',
29 silly addNameRange     '1.1.0',
29 silly addNameRange     '1.1.1',
29 silly addNameRange     '1.1.2',
29 silly addNameRange     '1.2.0',
29 silly addNameRange     '1.2.1',
29 silly addNameRange     '1.2.2',
29 silly addNameRange     '1.2.3',
29 silly addNameRange     '1.2.4',
29 silly addNameRange     '1.2.5',
29 silly addNameRange     '1.2.6',
29 silly addNameRange     '1.2.7',
29 silly addNameRange     '1.2.8',
29 silly addNameRange     '1.3.0',
29 silly addNameRange     '1.3.1',
29 silly addNameRange     '1.3.2',
29 silly addNameRange     '1.3.3',
29 silly addNameRange     '1.3.4',
29 silly addNameRange     '1.3.5',
29 silly addNameRange     '1.3.6',
29 silly addNameRange     '1.3.7',
29 silly addNameRange     '1.3.8',
29 silly addNameRange     '1.3.9',
29 silly addNameRange     '1.3.10',
29 silly addNameRange     '1.3.11',
29 silly addNameRange     '1.3.12',
29 silly addNameRange     '1.4.0',
29 silly addNameRange     '1.4.1',
29 silly addNameRange     '1.5.0',
29 silly addNameRange     '1.5.1',
29 silly addNameRange     '1.5.2',
29 silly addNameRange     '1.5.3',
29 silly addNameRange     '1.6.2',
29 silly addNameRange     '1.6.3',
29 silly addNameRange     '1.6.4',
29 silly addNameRange     '1.6.5',
29 silly addNameRange     '1.5.4',
29 silly addNameRange     '1.4.2',
29 silly addNameRange     '1.6.6',
29 silly addNameRange     '1.6.7',
29 silly addNameRange     '1.6.8',
29 silly addNameRange     '1.6.9',
29 silly addNameRange     '1.7.0',
29 silly addNameRange     '1.7.1',
29 silly addNameRange     '1.7.2',
29 silly addNameRange     '1.7.4' ] ]
30 verbose addNamed [ 'bower', '1.7.2' ]
31 verbose addNamed [ '1.7.2', '1.7.2' ]
32 silly lockFile 7ff4c8ad-bower-1-7-2 bower@1.7.2
33 verbose lock bower@1.7.2 /home/dev/.npm/7ff4c8ad-bower-1-7-2.lock
34 silly lockFile f53d2632--npmjs-org-bower-bower-1-7-2-tgz https://registry.npmjs.org/bower/-/bower-1.7.2.tgz
35 verbose lock https://registry.npmjs.org/bower/-/bower-1.7.2.tgz /home/dev/.npm/f53d2632--npmjs-org-bower-bower-1-7-2-tgz.lock
36 verbose addRemoteTarball [ 'https://registry.npmjs.org/bower/-/bower-1.7.2.tgz',
36 verbose addRemoteTarball   'b04228f9970f11777017e64ae39d71f9346c9575' ]
37 info retry fetch attempt 1 at 20:51:13
38 verbose fetch to= /tmp/npm-31676-M-GvEtGz/registry.npmjs.org/bower/-/bower-1.7.2.tgz
39 http GET https://registry.npmjs.org/bower/-/bower-1.7.2.tgz
40 http 200 https://registry.npmjs.org/bower/-/bower-1.7.2.tgz
41 silly lockFile f53d2632--npmjs-org-bower-bower-1-7-2-tgz https://registry.npmjs.org/bower/-/bower-1.7.2.tgz
42 silly lockFile f53d2632--npmjs-org-bower-bower-1-7-2-tgz https://registry.npmjs.org/bower/-/bower-1.7.2.tgz
43 silly lockFile 7ff4c8ad-bower-1-7-2 bower@1.7.2
44 silly lockFile 7ff4c8ad-bower-1-7-2 bower@1.7.2
45 silly lockFile 1240aab1-bower bower@
46 silly lockFile 1240aab1-bower bower@
47 silly resolved [ { name: 'bower',
47 silly resolved     version: '1.7.2',
47 silly resolved     description: 'The browser package manager',
47 silly resolved     author: { name: 'Twitter' },
47 silly resolved     license: 'MIT',
47 silly resolved     repository: { type: 'git', url: 'git+https://github.com/bower/bower.git' },
47 silly resolved     main: 'lib',
47 silly resolved     homepage: 'http://bower.io',
47 silly resolved     engines: { node: '>=0.10.0' },
47 silly resolved     keywords: [ 'bower' ],
47 silly resolved     dependencies:
47 silly resolved      { abbrev: '^1.0.5',
47 silly resolved        archy: '1.0.0',
47 silly resolved        'bower-config': '^1.3.0',
47 silly resolved        'bower-endpoint-parser': '^0.2.2',
47 silly resolved        'bower-json': '^0.4.0',
47 silly resolved        'bower-logger': '^0.2.2',
47 silly resolved        'bower-registry-client': '^1.0.0',
47 silly resolved        cardinal: '0.4.4',
47 silly resolved        chalk: '^1.0.0',
47 silly resolved        chmodr: '^1.0.2',
47 silly resolved        configstore: '^0.3.2',
47 silly resolved        'decompress-zip': '^0.1.0',
47 silly resolved        destroy: '^1.0.3',
47 silly resolved        'fs-write-stream-atomic': '1.0.5',
47 silly resolved        fstream: '^1.0.3',
47 silly resolved        'fstream-ignore': '^1.0.2',
47 silly resolved        github: '^0.2.3',
47 silly resolved        glob: '^4.3.2',
47 silly resolved        'graceful-fs': '^3.0.5',
47 silly resolved        handlebars: '^2.0.0',
47 silly resolved        inquirer: '0.10.0',
47 silly resolved        insight: '^0.7.0',
47 silly resolved        'is-root': '^1.0.0',
47 silly resolved        junk: '^1.0.0',
47 silly resolved        lockfile: '^1.0.0',
47 silly resolved        'lru-cache': '^2.5.0',
47 silly resolved        'md5-hex': '^1.0.2',
47 silly resolved        mkdirp: '0.5.0',
47 silly resolved        mout: '^0.11.0',
47 silly resolved        nopt: '^3.0.1',
47 silly resolved        opn: '^1.0.1',
47 silly resolved        'p-throttler': '0.1.1',
47 silly resolved        promptly: '0.2.0',
47 silly resolved        q: '^1.1.2',
47 silly resolved        request: '2.53.0',
47 silly resolved        'request-progress': '0.3.1',
47 silly resolved        retry: '0.6.1',
47 silly resolved        rimraf: '^2.2.8',
47 silly resolved        semver: '^2.3.0',
47 silly resolved        'semver-utils': '^1.1.1',
47 silly resolved        'shell-quote': '^1.4.2',
47 silly resolved        'stringify-object': '^1.0.0',
47 silly resolved        'tar-fs': '^1.4.1',
47 silly resolved        tmp: '0.0.24',
47 silly resolved        'update-notifier': '^0.6.0',
47 silly resolved        'user-home': '^1.1.0',
47 silly resolved        which: '^1.0.8' },
47 silly resolved     devDependencies:
47 silly resolved      { chai: '^1.10.0',
47 silly resolved        coveralls: '^2.11.2',
47 silly resolved        'expect.js': '^0.3.1',
47 silly resolved        grunt: '^0.4.5',
47 silly resolved        'grunt-cli': '^0.1.13',
47 silly resolved        'grunt-contrib-jshint': '^0.10.0',
47 silly resolved        'grunt-contrib-watch': '^0.6.1',
47 silly resolved        'grunt-exec': '^0.4.6',
47 silly resolved        'grunt-jscs': '^2.3.0',
47 silly resolved        'grunt-simple-mocha': '^0.4.0',
47 silly resolved        istanbul: '^0.3.5',
47 silly resolved        'load-grunt-tasks': '^2.0.0',
47 silly resolved        mocha: '^2.1.0',
47 silly resolved        multiline: '^1.0.2',
47 silly resolved        nock: '^3.1.0',
47 silly resolved        'node-uuid': '^1.4.2',
47 silly resolved        proxyquire: '^1.3.0',
47 silly resolved        'spawn-sync': '1.0.13' },
47 silly resolved     scripts:
47 silly resolved      { test: 'grunt test',
47 silly resolved        ci: 'grunt travis',
47 silly resolved        coveralls: 'coveralls' },
47 silly resolved     bin: { bower: 'bin/bower' },
47 silly resolved     files: [ 'bin', 'lib', 'templates' ],
47 silly resolved     gitHead: 'a2f21e2703df020617bc35bbc2fb823c8a14b885',
47 silly resolved     bugs: { url: 'https://github.com/bower/bower/issues' },
47 silly resolved     bundleDependencies:
47 silly resolved      [ 'abbrev',
47 silly resolved        'archy',
47 silly resolved        'bower-config',
47 silly resolved        'bower-endpoint-parser',
47 silly resolved        'bower-json',
47 silly resolved        'bower-logger',
47 silly resolved        'bower-registry-client',
47 silly resolved        'cardinal',
47 silly resolved        'chalk',
47 silly resolved        'chmodr',
47 silly resolved        'configstore',
47 silly resolved        'decompress-zip',
47 silly resolved        'destroy',
47 silly resolved        'fs-write-stream-atomic',
47 silly resolved        'fstream',
47 silly resolved        'fstream-ignore',
47 silly resolved        'github',
47 silly resolved        'glob',
47 silly resolved        'graceful-fs',
47 silly resolved        'handlebars',
47 silly resolved        'inquirer',
47 silly resolved        'insight',
47 silly resolved        'is-root',
47 silly resolved        'junk',
47 silly resolved        'lockfile',
47 silly resolved        'lru-cache',
47 silly resolved        'md5-hex',
47 silly resolved        'mkdirp',
47 silly resolved        'mout',
47 silly resolved        'nopt',
47 silly resolved        'opn',
47 silly resolved        'p-throttler',
47 silly resolved        'promptly',
47 silly resolved        'q',
47 silly resolved        'request',
47 silly resolved        'request-progress',
47 silly resolved        'retry',
47 silly resolved        'rimraf',
47 silly resolved        'semver',
47 silly resolved        'shell-quote',
47 silly resolved        'stringify-object',
47 silly resolved        'tar-fs',
47 silly resolved        'tmp',
47 silly resolved        'update-notifier',
47 silly resolved        'user-home',
47 silly resolved        'which' ],
47 silly resolved     _id: 'bower@1.7.2',
47 silly resolved     _shasum: 'b04228f9970f11777017e64ae39d71f9346c9575',
47 silly resolved     _from: 'bower@',
47 silly resolved     _npmVersion: '2.14.15',
47 silly resolved     _nodeVersion: '4.2.3',
47 silly resolved     _npmUser: { name: 'vladikoff', email: 'vlad@vladikoff.com' },
47 silly resolved     maintainers:
47 silly resolved      [ [Object],
47 silly resolved        [Object],
47 silly resolved        [Object],
47 silly resolved        [Object],
47 silly resolved        [Object],
47 silly resolved        [Object],
47 silly resolved        [Object] ],
47 silly resolved     dist:
47 silly resolved      { shasum: 'b04228f9970f11777017e64ae39d71f9346c9575',
47 silly resolved        tarball: 'http://registry.npmjs.org/bower/-/bower-1.7.2.tgz' },
47 silly resolved     directories: {},
47 silly resolved     _resolved: 'https://registry.npmjs.org/bower/-/bower-1.7.2.tgz' } ]
48 info install bower@1.7.2 into /usr/lib
49 info installOne bower@1.7.2
50 verbose lib/node_modules/bower unbuild
51 verbose tar unpack /home/dev/.npm/bower/1.7.2/package.tgz
52 silly lockFile 6f53a3f9-tar-usr-lib-node-modules-bower tar:///usr/lib/node_modules/bower
53 verbose lock tar:///usr/lib/node_modules/bower /home/dev/.npm/6f53a3f9-tar-usr-lib-node-modules-bower.lock
54 silly lockFile e30678fe--dev-npm-bower-1-7-2-package-tgz tar:///home/dev/.npm/bower/1.7.2/package.tgz
55 verbose lock tar:///home/dev/.npm/bower/1.7.2/package.tgz /home/dev/.npm/e30678fe--dev-npm-bower-1-7-2-package-tgz.lock
56 silly gunzTarPerm modes [ '775', '664' ]
57 error Error: EACCES, mkdir '/usr/lib/node_modules/bower'
57 error  { [Error: EACCES, mkdir '/usr/lib/node_modules/bower']
57 error   errno: 3,
57 error   code: 'EACCES',
57 error   path: '/usr/lib/node_modules/bower',
57 error   fstream_type: 'Directory',
57 error   fstream_path: '/usr/lib/node_modules/bower',
57 error   fstream_class: 'DirWriter',
57 error   fstream_stack:
57 error    [ '/usr/lib/node_modules/npm/node_modules/fstream/lib/dir-writer.js:36:23',
57 error      '/usr/lib/node_modules/npm/node_modules/mkdirp/index.js:46:53',
57 error      'Object.oncomplete (fs.js:108:15)' ] }
58 error Please try running this command again as root/Administrator.
59 error System Linux 3.13.0-74-generic
60 error command "/usr/bin/node" "/usr/bin/npm" "install" "bower" "-g"
61 error cwd /home/dev/Workspace/rails-angular-test
62 error node -v v0.10.37
63 error npm -v 1.4.28
64 error path /usr/lib/node_modules/bower
65 error fstream_path /usr/lib/node_modules/bower
66 error fstream_type Directory
67 error fstream_class DirWriter
68 error code EACCES
69 error errno 3
70 error stack Error: EACCES, mkdir '/usr/lib/node_modules/bower'
71 error fstream_stack /usr/lib/node_modules/npm/node_modules/fstream/lib/dir-writer.js:36:23
71 error fstream_stack /usr/lib/node_modules/npm/node_modules/mkdirp/index.js:46:53
71 error fstream_stack Object.oncomplete (fs.js:108:15)
72 verbose exit [ 3, true ]
